APR
APR.
APRIL
AUG
AUG.
AUGUST
AUTUMN
Apr
Apr.
April
Aug
Aug.
August
Autumn
DEC
DEC.
DECEMBER
Dec
Dec.
December
FEB
FEB.
FEBRUARY
Feb
Feb.
February
JAN
JAN.
JANUARY
JUL
JUL.
JULY
JUN
JUN.
JUNE
Jan
Jan.
January
Jul
Jul.
July
Jun
Jun.
June
MAR
MAR.
MARCH
MAY
Mar
Mar.
March
May
NOV
NOV.
NOVEMBER
Nov
Nov.
November
OCT
OCT.
OCTOBER
Oct
Oct.
October
SEP
SEP.
SEPT
SEPT.
SEPTEMBER
Sep
Sep.
Sept
Sept.
September
Summer
Winter
apr
apr.
april
aug
aug.
august
autumn
dec
dec.
december
feb
feb.
february
jan
jan.
january
jul
jul.
july
jun
jun.
june
mar
mar.
march
nov
nov.
november
oct
oct.
october
sep
sep.
sept
sept.
september
summer
winter










